[debug] ----------------------------------------------------------------------
[debug] Command:      /usr/bin/nodejs /usr/bin/firebase serve
[debug] CLI Version:  3.5.0
[debug] Platform:     linux
[debug] Node Version: v7.5.0
[debug] Time:         Sat Apr 01 2017 18:19:04 GMT+1100 (AEDT)
[debug] ----------------------------------------------------------------------
[debug] 
[info] Starting Firebase development server...
[info] 
[info] Project Directory: /home/student/Desktop/A2new
[info] Public Directory: ./
[info] 
[info] Server listening at: http://localhost:5000
[debug] ----------------------------------------------------------------------
[debug] Command:      /usr/bin/nodejs /usr/bin/firebase serve
[debug] CLI Version:  3.5.0
[debug] Platform:     linux
[debug] Node Version: v7.5.0
[debug] Time:         Sat Apr 01 2017 19:17:06 GMT+1100 (AEDT)
[debug] ----------------------------------------------------------------------
[debug] 
[info] Starting Firebase development server...
[info] 
[info] Project Directory: /home/student/Desktop/A2new
[info] Public Directory: ./
[info] 
[info] Server listening at: http://localhost:5000
[debug] ----------------------------------------------------------------------
[debug] Command:      /usr/bin/nodejs /usr/bin/firebase serve
[debug] CLI Version:  3.5.0
[debug] Platform:     linux
[debug] Node Version: v7.5.0
[debug] Time:         Sun Apr 02 2017 13:31:26 GMT+1000 (AEST)
[debug] ----------------------------------------------------------------------
[debug] 
[info] Starting Firebase development server...
[info] 
[info] Project Directory: /home/student/Desktop/A2new
[info] Public Directory: ./
[info] 
[info] Server listening at: http://localhost:5000
[debug] ----------------------------------------------------------------------
[debug] Command:      /usr/bin/nodejs /usr/bin/firebase serve
[debug] CLI Version:  3.5.0
[debug] Platform:     linux
[debug] Node Version: v7.5.0
[debug] Time:         Sun Apr 02 2017 14:53:27 GMT+1000 (AEST)
[debug] ----------------------------------------------------------------------
[debug] 
[info] Starting Firebase development server...
[info] 
[info] Project Directory: /home/student/Desktop/A2new
[info] Public Directory: ./
[info] 
[info] Server listening at: http://localhost:5000
